1691139963251	geckodriver	INFO	Listening on 127.0.0.1:58023
1691139963611	mozrunner::runner	INFO	Running command: "/snap/firefox/current/firefox.launcher" "--marionette" "--remote-debugging-port" "45979" "--remote-allow-hosts" "localhost" "-no-remote" "-profile" "/tmp/rust_mozprofileu6voQZ"
Gtk-Message: 12:06:03.781: Failed to load module "pk-gtk-module"
Gtk-Message: 12:06:03.790: Failed to load module "pk-gtk-module"
console.warn: services.settings: Ignoring preference override of remote settings server
console.warn: services.settings: Allow by setting MOZ_REMOTE_SETTINGS_DEVTOOLS=1 in the environment
ATTENTION: default value of option mesa_glthread overridden by environment.
1691139964586	Marionette	INFO	Marionette enabled
ATTENTION: default value of option mesa_glthread overridden by environment.
1691139964729	Marionette	INFO	Listening on port 39833
WebDriver BiDi listening on ws://127.0.0.1:45979
Read port: 39833
1691139965116	RemoteAgent	WARN	TLS certificate errors will be ignored for this session
console.error: ({})
DevTools listening on ws://127.0.0.1:45979/devtools/browser/84e31000-dba9-45de-abbb-d537ed9f620f
console.error: (new TypeError("linkMap is undefined", "resource://gre/modules/NewTabUtils.sys.mjs", 2003))
console.warn: LoginRecipes: "Falling back to a synchronous message for: https://presentation.egyptpost.local."
console.warn: LoginRecipes: "Falling back to a synchronous message for: http://presentation.egyptpost.local:448."
console.error: Region.sys.mjs: "Error fetching region" (new Error("TIMEOUT", "resource://gre/modules/Region.sys.mjs", 759))
console.error: Region.sys.mjs: "Failed to fetch region" (new Error("TIMEOUT", "resource://gre/modules/Region.sys.mjs", 411))
console.warn: LoginRecipes: "Falling back to a synchronous message for: http://presentation.egyptpost.local:448."
JavaScript warning: https://presentation.egyptpost.local/tsws/10.0/api/assets/combined/js-lib, line 23801: unreachable code after return statement
JavaScript warning: https://presentation.egyptpost.local/tsws/10.0/api/assets/combined/js-plugin, line 26346: unreachable code after return statement
1691139986847	Marionette	WARN	TimedPromise timed out after 500 ms: stacktrace:
TimedPromise/<@chrome://remote/content/marionette/sync.sys.mjs:221:24
TimedPromise@chrome://remote/content/marionette/sync.sys.mjs:205:10
interaction.flushEventLoop@chrome://remote/content/marionette/interaction.sys.mjs:431:10
webdriverClickElement@chrome://remote/content/marionette/interaction.sys.mjs:180:31
1691139987683	Marionette	WARN	TimedPromise timed out after 500 ms: stacktrace:
TimedPromise/<@chrome://remote/content/marionette/sync.sys.mjs:221:24
TimedPromise@chrome://remote/content/marionette/sync.sys.mjs:205:10
interaction.flushEventLoop@chrome://remote/content/marionette/interaction.sys.mjs:431:10
webdriverClickElement@chrome://remote/content/marionette/interaction.sys.mjs:180:31
JavaScript warning: https://presentation.egyptpost.local/tsws/10.0/api/assets/combined/js-lib, line 23801: unreachable code after return statement
JavaScript warning: https://presentation.egyptpost.local/tsws/10.0/api/assets/combined/js-plugin, line 26346: unreachable code after return statement
console.error: "update.locale" " file doesn't exist in either the application or GRE directories"
1691140008231	Marionette	WARN	TimedPromise timed out after 500 ms: stacktrace:
TimedPromise/<@chrome://remote/content/marionette/sync.sys.mjs:221:24
TimedPromise@chrome://remote/content/marionette/sync.sys.mjs:205:10
interaction.flushEventLoop@chrome://remote/content/marionette/interaction.sys.mjs:431:10
webdriverClickElement@chrome://remote/content/marionette/interaction.sys.mjs:180:31
1691140009056	Marionette	WARN	TimedPromise timed out after 500 ms: stacktrace:
TimedPromise/<@chrome://remote/content/marionette/sync.sys.mjs:221:24
TimedPromise@chrome://remote/content/marionette/sync.sys.mjs:205:10
interaction.flushEventLoop@chrome://remote/content/marionette/interaction.sys.mjs:431:10
webdriverClickElement@chrome://remote/content/marionette/interaction.sys.mjs:180:31
JavaScript warning: https://presentation.egyptpost.local/tsws/10.0/api/assets/combined/js-lib, line 23801: unreachable code after return statement
JavaScript warning: https://presentation.egyptpost.local/tsws/10.0/api/assets/combined/js-plugin, line 26346: unreachable code after return statement
Exiting due to channel error.
Exiting due to channel error.
Exiting due to channel error.
Exiting due to channel error.
Exiting due to channel error.
1691140129074	geckodriver	INFO	Listening on 127.0.0.1:54317
1691140129455	mozrunner::runner	INFO	Running command: "/snap/firefox/current/firefox.launcher" "--marionette" "--remote-debugging-port" "59103" "--remote-allow-hosts" "localhost" "-no-remote" "-profile" "/tmp/rust_mozprofile8MJXWH"
Gtk-Message: 12:08:49.676: Failed to load module "pk-gtk-module"
Gtk-Message: 12:08:49.711: Failed to load module "pk-gtk-module"
console.warn: services.settings: Ignoring preference override of remote settings server
console.warn: services.settings: Allow by setting MOZ_REMOTE_SETTINGS_DEVTOOLS=1 in the environment
ATTENTION: default value of option mesa_glthread overridden by environment.
1691140130914	Marionette	INFO	Marionette enabled
ATTENTION: default value of option mesa_glthread overridden by environment.
1691140131039	Marionette	INFO	Listening on port 46653
WebDriver BiDi listening on ws://127.0.0.1:59103
Read port: 46653
1691140131187	RemoteAgent	WARN	TLS certificate errors will be ignored for this session
console.error: ({})
DevTools listening on ws://127.0.0.1:59103/devtools/browser/65805bee-7378-42d2-8625-0b827debcd26
console.warn: LoginRecipes: "Falling back to a synchronous message for: https://presentation.egyptpost.local."
console.warn: LoginRecipes: "Falling back to a synchronous message for: http://presentation.egyptpost.local:448."
console.error: Region.sys.mjs: "Error fetching region" (new Error("TIMEOUT", "resource://gre/modules/Region.sys.mjs", 759))
console.error: Region.sys.mjs: "Failed to fetch region" (new Error("TIMEOUT", "resource://gre/modules/Region.sys.mjs", 411))
console.warn: LoginRecipes: "Falling back to a synchronous message for: http://presentation.egyptpost.local:448."
JavaScript warning: https://presentation.egyptpost.local/tsws/10.0/api/assets/combined/js-lib, line 23801: unreachable code after return statement
JavaScript warning: https://presentation.egyptpost.local/tsws/10.0/api/assets/combined/js-plugin, line 26346: unreachable code after return statement
1691140157334	Marionette	WARN	TimedPromise timed out after 500 ms: stacktrace:
TimedPromise/<@chrome://remote/content/marionette/sync.sys.mjs:221:24
TimedPromise@chrome://remote/content/marionette/sync.sys.mjs:205:10
interaction.flushEventLoop@chrome://remote/content/marionette/interaction.sys.mjs:431:10
webdriverClickElement@chrome://remote/content/marionette/interaction.sys.mjs:180:31
1691140158107	Marionette	WARN	TimedPromise timed out after 500 ms: stacktrace:
TimedPromise/<@chrome://remote/content/marionette/sync.sys.mjs:221:24
TimedPromise@chrome://remote/content/marionette/sync.sys.mjs:205:10
interaction.flushEventLoop@chrome://remote/content/marionette/interaction.sys.mjs:431:10
webdriverClickElement@chrome://remote/content/marionette/interaction.sys.mjs:180:31
console.error: "update.locale" " file doesn't exist in either the application or GRE directories"
JavaScript warning: https://presentation.egyptpost.local/tsws/10.0/api/assets/combined/js-lib, line 23801: unreachable code after return statement
JavaScript warning: https://presentation.egyptpost.local/tsws/10.0/api/assets/combined/js-plugin, line 26346: unreachable code after return statement
1691140180138	Marionette	WARN	TimedPromise timed out after 500 ms: stacktrace:
TimedPromise/<@chrome://remote/content/marionette/sync.sys.mjs:221:24
TimedPromise@chrome://remote/content/marionette/sync.sys.mjs:205:10
interaction.flushEventLoop@chrome://remote/content/marionette/interaction.sys.mjs:431:10
webdriverClickElement@chrome://remote/content/marionette/interaction.sys.mjs:180:31
1691140180902	Marionette	WARN	TimedPromise timed out after 500 ms: stacktrace:
TimedPromise/<@chrome://remote/content/marionette/sync.sys.mjs:221:24
TimedPromise@chrome://remote/content/marionette/sync.sys.mjs:205:10
interaction.flushEventLoop@chrome://remote/content/marionette/interaction.sys.mjs:431:10
webdriverClickElement@chrome://remote/content/marionette/interaction.sys.mjs:180:31
JavaScript warning: https://presentation.egyptpost.local/tsws/10.0/api/assets/combined/js-lib, line 23801: unreachable code after return statement
JavaScript warning: https://presentation.egyptpost.local/tsws/10.0/api/assets/combined/js-plugin, line 26346: unreachable code after return statement
Exiting due to channel error.
Exiting due to channel error.
Exiting due to channel error.
Exiting due to channel error.
Exiting due to channel error.
1691140723902	geckodriver	INFO	Listening on 127.0.0.1:40115
1691140724271	mozrunner::runner	INFO	Running command: "/snap/firefox/current/firefox.launcher" "--marionette" "--remote-debugging-port" "59921" "--remote-allow-hosts" "localhost" "-no-remote" "-profile" "/tmp/rust_mozprofileaKZGI1"
Gtk-Message: 12:18:44.410: Failed to load module "pk-gtk-module"
Gtk-Message: 12:18:44.419: Failed to load module "pk-gtk-module"
console.warn: services.settings: Ignoring preference override of remote settings server
console.warn: services.settings: Allow by setting MOZ_REMOTE_SETTINGS_DEVTOOLS=1 in the environment
ATTENTION: default value of option mesa_glthread overridden by environment.
1691140725408	Marionette	INFO	Marionette enabled
ATTENTION: default value of option mesa_glthread overridden by environment.
1691140725565	Marionette	INFO	Listening on port 38225
Read port: 38225
WebDriver BiDi listening on ws://127.0.0.1:59921
1691140725733	RemoteAgent	WARN	TLS certificate errors will be ignored for this session
console.error: ({})
DevTools listening on ws://127.0.0.1:59921/devtools/browser/959b3b6a-9954-4604-bdf8-183bb7623764
console.error: (new TypeError("linkMap is undefined", "resource://gre/modules/NewTabUtils.sys.mjs", 2003))
console.warn: LoginRecipes: "Falling back to a synchronous message for: https://presentation.egyptpost.local."
console.warn: LoginRecipes: "Falling back to a synchronous message for: http://presentation.egyptpost.local:448."
console.error: Region.sys.mjs: "Error fetching region" (new Error("TIMEOUT", "resource://gre/modules/Region.sys.mjs", 759))
console.error: Region.sys.mjs: "Failed to fetch region" (new Error("TIMEOUT", "resource://gre/modules/Region.sys.mjs", 411))
console.warn: LoginRecipes: "Falling back to a synchronous message for: http://presentation.egyptpost.local:448."
JavaScript warning: https://presentation.egyptpost.local/tsws/10.0/api/assets/combined/js-lib, line 23801: unreachable code after return statement
JavaScript warning: https://presentation.egyptpost.local/tsws/10.0/api/assets/combined/js-plugin, line 26346: unreachable code after return statement
1691140746935	Marionette	WARN	TimedPromise timed out after 500 ms: stacktrace:
TimedPromise/<@chrome://remote/content/marionette/sync.sys.mjs:221:24
TimedPromise@chrome://remote/content/marionette/sync.sys.mjs:205:10
interaction.flushEventLoop@chrome://remote/content/marionette/interaction.sys.mjs:431:10
webdriverClickElement@chrome://remote/content/marionette/interaction.sys.mjs:180:31
1691140747666	Marionette	WARN	TimedPromise timed out after 500 ms: stacktrace:
TimedPromise/<@chrome://remote/content/marionette/sync.sys.mjs:221:24
TimedPromise@chrome://remote/content/marionette/sync.sys.mjs:205:10
interaction.flushEventLoop@chrome://remote/content/marionette/interaction.sys.mjs:431:10
webdriverClickElement@chrome://remote/content/marionette/interaction.sys.mjs:180:31
JavaScript warning: https://presentation.egyptpost.local/tsws/10.0/api/assets/combined/js-lib, line 23801: unreachable code after return statement
JavaScript warning: https://presentation.egyptpost.local/tsws/10.0/api/assets/combined/js-plugin, line 26346: unreachable code after return statement
console.error: "update.locale" " file doesn't exist in either the application or GRE directories"
console.error: services.settings: 
  Message: NetworkError: Network error: TypeError: NetworkError: Network request failed
  Stack:
    APIError@resource://services-settings/RemoteSettingsClient.sys.mjs:111:1
NetworkError@resource://services-settings/RemoteSettingsClient.sys.mjs:115:5
_adjustedError@resource://services-settings/RemoteSettingsClient.sys.mjs:911:14
maybeSync@resource://services-settings/RemoteSettingsClient.sys.mjs:816:38

console.error: services.settings: 
  Message: NetworkError: Network error: TypeError: NetworkError: Network request failed
  Stack:
    APIError@resource://services-settings/RemoteSettingsClient.sys.mjs:111:1
NetworkError@resource://services-settings/RemoteSettingsClient.sys.mjs:115:5
_adjustedError@resource://services-settings/RemoteSettingsClient.sys.mjs:911:14
maybeSync@resource://services-settings/RemoteSettingsClient.sys.mjs:816:38

1691141165045	Marionette	INFO	Stopped listening on port 38225
console.error: services.settings: 
  Message: NetworkError: Network error: TypeError: NetworkError: Network request failed
  Stack:
    APIError@resource://services-settings/RemoteSettingsClient.sys.mjs:111:1
NetworkError@resource://services-settings/RemoteSettingsClient.sys.mjs:115:5
_adjustedError@resource://services-settings/RemoteSettingsClient.sys.mjs:911:14
maybeSync@resource://services-settings/RemoteSettingsClient.sys.mjs:816:38

console.warn: services.settings: main/anti-tracking-url-decoration sync interrupted by shutdown
console.error: (new Error("IndexedDB: main/tracking-protection-lists getLastModified() IndexedDB:  execute() The application is shutting down", "resource://services-settings/IDBHelpers.jsm", 18))
1691483950515	geckodriver	INFO	Listening on 127.0.0.1:51065
1691483950937	mozrunner::runner	INFO	Running command: "/snap/firefox/current/firefox.launcher" "--marionette" "--remote-debugging-port" "53563" "--remote-allow-hosts" "localhost" "-no-remote" "-profile" "/tmp/rust_mozprofile5EvIWP"
Gtk-Message: 11:39:11.021: Failed to load module "pk-gtk-module"
Gtk-Message: 11:39:11.028: Failed to load module "pk-gtk-module"
console.warn: services.settings: Ignoring preference override of remote settings server
console.warn: services.settings: Allow by setting MOZ_REMOTE_SETTINGS_DEVTOOLS=1 in the environment
ATTENTION: default value of option mesa_glthread overridden by environment.
1691483951652	Marionette	INFO	Marionette enabled
ATTENTION: default value of option mesa_glthread overridden by environment.
1691483951745	Marionette	INFO	Listening on port 36033
WebDriver BiDi listening on ws://127.0.0.1:53563
Read port: 36033
1691483952034	RemoteAgent	WARN	TLS certificate errors will be ignored for this session
console.error: ({})
DevTools listening on ws://127.0.0.1:53563/devtools/browser/e3b519d3-fc69-43fe-b3e7-f09efae5ac4f
console.warn: LoginRecipes: "Falling back to a synchronous message for: https://presentation.egyptpost.local."
console.warn: LoginRecipes: "Falling back to a synchronous message for: http://presentation.egyptpost.local:448."
console.warn: LoginRecipes: "Falling back to a synchronous message for: http://presentation.egyptpost.local:448."
console.error: Region.sys.mjs: "Error fetching region" (new Error("TIMEOUT", "resource://gre/modules/Region.sys.mjs", 759))
console.error: Region.sys.mjs: "Failed to fetch region" (new Error("TIMEOUT", "resource://gre/modules/Region.sys.mjs", 411))
JavaScript warning: https://presentation.egyptpost.local/tsws/10.0/api/assets/combined/js-lib, line 23801: unreachable code after return statement
JavaScript warning: https://presentation.egyptpost.local/tsws/10.0/api/assets/combined/js-plugin, line 26346: unreachable code after return statement
1691483970397	Marionette	WARN	TimedPromise timed out after 500 ms: stacktrace:
TimedPromise/<@chrome://remote/content/marionette/sync.sys.mjs:221:24
TimedPromise@chrome://remote/content/marionette/sync.sys.mjs:205:10
interaction.flushEventLoop@chrome://remote/content/marionette/interaction.sys.mjs:431:10
webdriverClickElement@chrome://remote/content/marionette/interaction.sys.mjs:180:31
1691483971208	Marionette	WARN	TimedPromise timed out after 500 ms: stacktrace:
TimedPromise/<@chrome://remote/content/marionette/sync.sys.mjs:221:24
TimedPromise@chrome://remote/content/marionette/sync.sys.mjs:205:10
interaction.flushEventLoop@chrome://remote/content/marionette/interaction.sys.mjs:431:10
webdriverClickElement@chrome://remote/content/marionette/interaction.sys.mjs:180:31
JavaScript warning: https://presentation.egyptpost.local/tsws/10.0/api/assets/combined/js-lib, line 23801: unreachable code after return statement
JavaScript warning: https://presentation.egyptpost.local/tsws/10.0/api/assets/combined/js-plugin, line 26346: unreachable code after return statement
1691483980948	Marionette	WARN	TimedPromise timed out after 500 ms: stacktrace:
TimedPromise/<@chrome://remote/content/marionette/sync.sys.mjs:221:24
TimedPromise@chrome://remote/content/marionette/sync.sys.mjs:205:10
interaction.flushEventLoop@chrome://remote/content/marionette/interaction.sys.mjs:431:10
webdriverClickElement@chrome://remote/content/marionette/interaction.sys.mjs:180:31
1691483981675	Marionette	WARN	TimedPromise timed out after 500 ms: stacktrace:
TimedPromise/<@chrome://remote/content/marionette/sync.sys.mjs:221:24
TimedPromise@chrome://remote/content/marionette/sync.sys.mjs:205:10
interaction.flushEventLoop@chrome://remote/content/marionette/interaction.sys.mjs:431:10
webdriverClickElement@chrome://remote/content/marionette/interaction.sys.mjs:180:31
console.error: "update.locale" " file doesn't exist in either the application or GRE directories"
console.error: Region.sys.mjs: "Error fetching region" (new Error("TIMEOUT", "resource://gre/modules/Region.sys.mjs", 759))
console.error: Region.sys.mjs: "Failed to fetch region" (new Error("TIMEOUT", "resource://gre/modules/Region.sys.mjs", 411))
JavaScript warning: https://presentation.egyptpost.local/tsws/10.0/api/assets/combined/js-lib, line 23801: unreachable code after return statement
JavaScript warning: https://presentation.egyptpost.local/tsws/10.0/api/assets/combined/js-plugin, line 26346: unreachable code after return statement
1691483999814	Marionette	WARN	TimedPromise timed out after 500 ms: stacktrace:
TimedPromise/<@chrome://remote/content/marionette/sync.sys.mjs:221:24
TimedPromise@chrome://remote/content/marionette/sync.sys.mjs:205:10
interaction.flushEventLoop@chrome://remote/content/marionette/interaction.sys.mjs:431:10
webdriverClickElement@chrome://remote/content/marionette/interaction.sys.mjs:180:31
1691484000592	Marionette	WARN	TimedPromise timed out after 500 ms: stacktrace:
TimedPromise/<@chrome://remote/content/marionette/sync.sys.mjs:221:24
TimedPromise@chrome://remote/content/marionette/sync.sys.mjs:205:10
interaction.flushEventLoop@chrome://remote/content/marionette/interaction.sys.mjs:431:10
webdriverClickElement@chrome://remote/content/marionette/interaction.sys.mjs:180:31
JavaScript warning: https://presentation.egyptpost.local/tsws/10.0/api/assets/combined/js-lib, line 23801: unreachable code after return statement
JavaScript warning: https://presentation.egyptpost.local/tsws/10.0/api/assets/combined/js-plugin, line 26346: unreachable code after return statement
1691484010757	Marionette	WARN	TimedPromise timed out after 500 ms: stacktrace:
TimedPromise/<@chrome://remote/content/marionette/sync.sys.mjs:221:24
TimedPromise@chrome://remote/content/marionette/sync.sys.mjs:205:10
interaction.flushEventLoop@chrome://remote/content/marionette/interaction.sys.mjs:431:10
webdriverClickElement@chrome://remote/content/marionette/interaction.sys.mjs:180:31
1691484011479	Marionette	WARN	TimedPromise timed out after 500 ms: stacktrace:
TimedPromise/<@chrome://remote/content/marionette/sync.sys.mjs:221:24
TimedPromise@chrome://remote/content/marionette/sync.sys.mjs:205:10
interaction.flushEventLoop@chrome://remote/content/marionette/interaction.sys.mjs:431:10
webdriverClickElement@chrome://remote/content/marionette/interaction.sys.mjs:180:31
JavaScript warning: https://presentation.egyptpost.local/tsws/10.0/api/assets/combined/js-lib, line 23801: unreachable code after return statement
JavaScript warning: https://presentation.egyptpost.local/tsws/10.0/api/assets/combined/js-plugin, line 26346: unreachable code after return statement
1691484020959	Marionette	WARN	TimedPromise timed out after 500 ms: stacktrace:
TimedPromise/<@chrome://remote/content/marionette/sync.sys.mjs:221:24
TimedPromise@chrome://remote/content/marionette/sync.sys.mjs:205:10
interaction.flushEventLoop@chrome://remote/content/marionette/interaction.sys.mjs:431:10
webdriverClickElement@chrome://remote/content/marionette/interaction.sys.mjs:180:31
1691484021676	Marionette	WARN	TimedPromise timed out after 500 ms: stacktrace:
TimedPromise/<@chrome://remote/content/marionette/sync.sys.mjs:221:24
TimedPromise@chrome://remote/content/marionette/sync.sys.mjs:205:10
interaction.flushEventLoop@chrome://remote/content/marionette/interaction.sys.mjs:431:10
webdriverClickElement@chrome://remote/content/marionette/interaction.sys.mjs:180:31
JavaScript warning: https://presentation.egyptpost.local/tsws/10.0/api/assets/combined/js-lib, line 23801: unreachable code after return statement
JavaScript warning: https://presentation.egyptpost.local/tsws/10.0/api/assets/combined/js-plugin, line 26346: unreachable code after return statement
1691484032491	Marionette	WARN	TimedPromise timed out after 500 ms: stacktrace:
TimedPromise/<@chrome://remote/content/marionette/sync.sys.mjs:221:24
TimedPromise@chrome://remote/content/marionette/sync.sys.mjs:205:10
interaction.flushEventLoop@chrome://remote/content/marionette/interaction.sys.mjs:431:10
webdriverClickElement@chrome://remote/content/marionette/interaction.sys.mjs:180:31
1691484033340	Marionette	WARN	TimedPromise timed out after 500 ms: stacktrace:
TimedPromise/<@chrome://remote/content/marionette/sync.sys.mjs:221:24
TimedPromise@chrome://remote/content/marionette/sync.sys.mjs:205:10
interaction.flushEventLoop@chrome://remote/content/marionette/interaction.sys.mjs:431:10
webdriverClickElement@chrome://remote/content/marionette/interaction.sys.mjs:180:31
JavaScript warning: https://presentation.egyptpost.local/tsws/10.0/api/assets/combined/js-lib, line 23801: unreachable code after return statement
JavaScript warning: https://presentation.egyptpost.local/tsws/10.0/api/assets/combined/js-plugin, line 26346: unreachable code after return statement
1691484045151	Marionette	WARN	TimedPromise timed out after 500 ms: stacktrace:
TimedPromise/<@chrome://remote/content/marionette/sync.sys.mjs:221:24
TimedPromise@chrome://remote/content/marionette/sync.sys.mjs:205:10
interaction.flushEventLoop@chrome://remote/content/marionette/interaction.sys.mjs:431:10
webdriverClickElement@chrome://remote/content/marionette/interaction.sys.mjs:180:31
1691484045886	Marionette	WARN	TimedPromise timed out after 500 ms: stacktrace:
TimedPromise/<@chrome://remote/content/marionette/sync.sys.mjs:221:24
TimedPromise@chrome://remote/content/marionette/sync.sys.mjs:205:10
interaction.flushEventLoop@chrome://remote/content/marionette/interaction.sys.mjs:431:10
webdriverClickElement@chrome://remote/content/marionette/interaction.sys.mjs:180:31
JavaScript warning: https://presentation.egyptpost.local/tsws/10.0/api/assets/combined/js-lib, line 23801: unreachable code after return statement
JavaScript warning: https://presentation.egyptpost.local/tsws/10.0/api/assets/combined/js-plugin, line 26346: unreachable code after return statement
1691484053558	Marionette	WARN	TimedPromise timed out after 500 ms: stacktrace:
TimedPromise/<@chrome://remote/content/marionette/sync.sys.mjs:221:24
TimedPromise@chrome://remote/content/marionette/sync.sys.mjs:205:10
interaction.flushEventLoop@chrome://remote/content/marionette/interaction.sys.mjs:431:10
webdriverClickElement@chrome://remote/content/marionette/interaction.sys.mjs:180:31
1691484054282	Marionette	WARN	TimedPromise timed out after 500 ms: stacktrace:
TimedPromise/<@chrome://remote/content/marionette/sync.sys.mjs:221:24
TimedPromise@chrome://remote/content/marionette/sync.sys.mjs:205:10
interaction.flushEventLoop@chrome://remote/content/marionette/interaction.sys.mjs:431:10
webdriverClickElement@chrome://remote/content/marionette/interaction.sys.mjs:180:31
JavaScript warning: https://presentation.egyptpost.local/tsws/10.0/api/assets/combined/js-lib, line 23801: unreachable code after return statement
JavaScript warning: https://presentation.egyptpost.local/tsws/10.0/api/assets/combined/js-plugin, line 26346: unreachable code after return statement
1691484062458	Marionette	WARN	TimedPromise timed out after 500 ms: stacktrace:
TimedPromise/<@chrome://remote/content/marionette/sync.sys.mjs:221:24
TimedPromise@chrome://remote/content/marionette/sync.sys.mjs:205:10
interaction.flushEventLoop@chrome://remote/content/marionette/interaction.sys.mjs:431:10
webdriverClickElement@chrome://remote/content/marionette/interaction.sys.mjs:180:31
1691484063209	Marionette	WARN	TimedPromise timed out after 500 ms: stacktrace:
TimedPromise/<@chrome://remote/content/marionette/sync.sys.mjs:221:24
TimedPromise@chrome://remote/content/marionette/sync.sys.mjs:205:10
interaction.flushEventLoop@chrome://remote/content/marionette/interaction.sys.mjs:431:10
webdriverClickElement@chrome://remote/content/marionette/interaction.sys.mjs:180:31
JavaScript warning: https://presentation.egyptpost.local/tsws/10.0/api/assets/combined/js-lib, line 23801: unreachable code after return statement
JavaScript warning: https://presentation.egyptpost.local/tsws/10.0/api/assets/combined/js-plugin, line 26346: unreachable code after return statement
1691484071577	Marionette	WARN	TimedPromise timed out after 500 ms: stacktrace:
TimedPromise/<@chrome://remote/content/marionette/sync.sys.mjs:221:24
TimedPromise@chrome://remote/content/marionette/sync.sys.mjs:205:10
interaction.flushEventLoop@chrome://remote/content/marionette/interaction.sys.mjs:431:10
webdriverClickElement@chrome://remote/content/marionette/interaction.sys.mjs:180:31
1691484072303	Marionette	WARN	TimedPromise timed out after 500 ms: stacktrace:
TimedPromise/<@chrome://remote/content/marionette/sync.sys.mjs:221:24
TimedPromise@chrome://remote/content/marionette/sync.sys.mjs:205:10
interaction.flushEventLoop@chrome://remote/content/marionette/interaction.sys.mjs:431:10
webdriverClickElement@chrome://remote/content/marionette/interaction.sys.mjs:180:31
JavaScript warning: https://presentation.egyptpost.local/tsws/10.0/api/assets/combined/js-lib, line 23801: unreachable code after return statement
JavaScript warning: https://presentation.egyptpost.local/tsws/10.0/api/assets/combined/js-plugin, line 26346: unreachable code after return statement
1691484083817	Marionette	WARN	TimedPromise timed out after 500 ms: stacktrace:
TimedPromise/<@chrome://remote/content/marionette/sync.sys.mjs:221:24
TimedPromise@chrome://remote/content/marionette/sync.sys.mjs:205:10
interaction.flushEventLoop@chrome://remote/content/marionette/interaction.sys.mjs:431:10
webdriverClickElement@chrome://remote/content/marionette/interaction.sys.mjs:180:31
1691484084558	Marionette	WARN	TimedPromise timed out after 500 ms: stacktrace:
TimedPromise/<@chrome://remote/content/marionette/sync.sys.mjs:221:24
TimedPromise@chrome://remote/content/marionette/sync.sys.mjs:205:10
interaction.flushEventLoop@chrome://remote/content/marionette/interaction.sys.mjs:431:10
webdriverClickElement@chrome://remote/content/marionette/interaction.sys.mjs:180:31
JavaScript warning: https://presentation.egyptpost.local/tsws/10.0/api/assets/combined/js-lib, line 23801: unreachable code after return statement
JavaScript warning: https://presentation.egyptpost.local/tsws/10.0/api/assets/combined/js-plugin, line 26346: unreachable code after return statement
1691484093810	Marionette	WARN	TimedPromise timed out after 500 ms: stacktrace:
TimedPromise/<@chrome://remote/content/marionette/sync.sys.mjs:221:24
TimedPromise@chrome://remote/content/marionette/sync.sys.mjs:205:10
interaction.flushEventLoop@chrome://remote/content/marionette/interaction.sys.mjs:431:10
webdriverClickElement@chrome://remote/content/marionette/interaction.sys.mjs:180:31
1691484094543	Marionette	WARN	TimedPromise timed out after 500 ms: stacktrace:
TimedPromise/<@chrome://remote/content/marionette/sync.sys.mjs:221:24
TimedPromise@chrome://remote/content/marionette/sync.sys.mjs:205:10
interaction.flushEventLoop@chrome://remote/content/marionette/interaction.sys.mjs:431:10
webdriverClickElement@chrome://remote/content/marionette/interaction.sys.mjs:180:31
JavaScript warning: https://presentation.egyptpost.local/tsws/10.0/api/assets/combined/js-lib, line 23801: unreachable code after return statement
JavaScript warning: https://presentation.egyptpost.local/tsws/10.0/api/assets/combined/js-plugin, line 26346: unreachable code after return statement
1691484105322	Marionette	WARN	TimedPromise timed out after 500 ms: stacktrace:
TimedPromise/<@chrome://remote/content/marionette/sync.sys.mjs:221:24
TimedPromise@chrome://remote/content/marionette/sync.sys.mjs:205:10
interaction.flushEventLoop@chrome://remote/content/marionette/interaction.sys.mjs:431:10
webdriverClickElement@chrome://remote/content/marionette/interaction.sys.mjs:180:31
1691484106092	Marionette	WARN	TimedPromise timed out after 500 ms: stacktrace:
TimedPromise/<@chrome://remote/content/marionette/sync.sys.mjs:221:24
TimedPromise@chrome://remote/content/marionette/sync.sys.mjs:205:10
interaction.flushEventLoop@chrome://remote/content/marionette/interaction.sys.mjs:431:10
webdriverClickElement@chrome://remote/content/marionette/interaction.sys.mjs:180:31
JavaScript warning: https://presentation.egyptpost.local/tsws/10.0/api/assets/combined/js-lib, line 23801: unreachable code after return statement
JavaScript warning: https://presentation.egyptpost.local/tsws/10.0/api/assets/combined/js-plugin, line 26346: unreachable code after return statement
1691484116915	Marionette	WARN	TimedPromise timed out after 500 ms: stacktrace:
TimedPromise/<@chrome://remote/content/marionette/sync.sys.mjs:221:24
TimedPromise@chrome://remote/content/marionette/sync.sys.mjs:205:10
interaction.flushEventLoop@chrome://remote/content/marionette/interaction.sys.mjs:431:10
webdriverClickElement@chrome://remote/content/marionette/interaction.sys.mjs:180:31
1691484117708	Marionette	WARN	TimedPromise timed out after 500 ms: stacktrace:
TimedPromise/<@chrome://remote/content/marionette/sync.sys.mjs:221:24
TimedPromise@chrome://remote/content/marionette/sync.sys.mjs:205:10
interaction.flushEventLoop@chrome://remote/content/marionette/interaction.sys.mjs:431:10
webdriverClickElement@chrome://remote/content/marionette/interaction.sys.mjs:180:31
JavaScript warning: https://presentation.egyptpost.local/tsws/10.0/api/assets/combined/js-lib, line 23801: unreachable code after return statement
JavaScript warning: https://presentation.egyptpost.local/tsws/10.0/api/assets/combined/js-plugin, line 26346: unreachable code after return statement
1691484131525	Marionette	WARN	TimedPromise timed out after 500 ms: stacktrace:
TimedPromise/<@chrome://remote/content/marionette/sync.sys.mjs:221:24
TimedPromise@chrome://remote/content/marionette/sync.sys.mjs:205:10
interaction.flushEventLoop@chrome://remote/content/marionette/interaction.sys.mjs:431:10
webdriverClickElement@chrome://remote/content/marionette/interaction.sys.mjs:180:31
1691484132330	Marionette	WARN	TimedPromise timed out after 500 ms: stacktrace:
TimedPromise/<@chrome://remote/content/marionette/sync.sys.mjs:221:24
TimedPromise@chrome://remote/content/marionette/sync.sys.mjs:205:10
interaction.flushEventLoop@chrome://remote/content/marionette/interaction.sys.mjs:431:10
webdriverClickElement@chrome://remote/content/marionette/interaction.sys.mjs:180:31
JavaScript warning: https://presentation.egyptpost.local/tsws/10.0/api/assets/combined/js-lib, line 23801: unreachable code after return statement
JavaScript warning: https://presentation.egyptpost.local/tsws/10.0/api/assets/combined/js-plugin, line 26346: unreachable code after return statement
1691484143129	Marionette	WARN	TimedPromise timed out after 500 ms: stacktrace:
TimedPromise/<@chrome://remote/content/marionette/sync.sys.mjs:221:24
TimedPromise@chrome://remote/content/marionette/sync.sys.mjs:205:10
interaction.flushEventLoop@chrome://remote/content/marionette/interaction.sys.mjs:431:10
webdriverClickElement@chrome://remote/content/marionette/interaction.sys.mjs:180:31
1691484143855	Marionette	WARN	TimedPromise timed out after 500 ms: stacktrace:
TimedPromise/<@chrome://remote/content/marionette/sync.sys.mjs:221:24
TimedPromise@chrome://remote/content/marionette/sync.sys.mjs:205:10
interaction.flushEventLoop@chrome://remote/content/marionette/interaction.sys.mjs:431:10
webdriverClickElement@chrome://remote/content/marionette/interaction.sys.mjs:180:31
JavaScript warning: https://presentation.egyptpost.local/tsws/10.0/api/assets/combined/js-lib, line 23801: unreachable code after return statement
JavaScript warning: https://presentation.egyptpost.local/tsws/10.0/api/assets/combined/js-plugin, line 26346: unreachable code after return statement
1691484154201	Marionette	WARN	TimedPromise timed out after 500 ms: stacktrace:
TimedPromise/<@chrome://remote/content/marionette/sync.sys.mjs:221:24
TimedPromise@chrome://remote/content/marionette/sync.sys.mjs:205:10
interaction.flushEventLoop@chrome://remote/content/marionette/interaction.sys.mjs:431:10
webdriverClickElement@chrome://remote/content/marionette/interaction.sys.mjs:180:31
1691484154950	Marionette	WARN	TimedPromise timed out after 500 ms: stacktrace:
TimedPromise/<@chrome://remote/content/marionette/sync.sys.mjs:221:24
TimedPromise@chrome://remote/content/marionette/sync.sys.mjs:205:10
interaction.flushEventLoop@chrome://remote/content/marionette/interaction.sys.mjs:431:10
webdriverClickElement@chrome://remote/content/marionette/interaction.sys.mjs:180:31
JavaScript warning: https://presentation.egyptpost.local/tsws/10.0/api/assets/combined/js-lib, line 23801: unreachable code after return statement
JavaScript warning: https://presentation.egyptpost.local/tsws/10.0/api/assets/combined/js-plugin, line 26346: unreachable code after return statement
1691484166439	Marionette	WARN	TimedPromise timed out after 500 ms: stacktrace:
TimedPromise/<@chrome://remote/content/marionette/sync.sys.mjs:221:24
TimedPromise@chrome://remote/content/marionette/sync.sys.mjs:205:10
interaction.flushEventLoop@chrome://remote/content/marionette/interaction.sys.mjs:431:10
webdriverClickElement@chrome://remote/content/marionette/interaction.sys.mjs:180:31
1691484167195	Marionette	WARN	TimedPromise timed out after 500 ms: stacktrace:
TimedPromise/<@chrome://remote/content/marionette/sync.sys.mjs:221:24
TimedPromise@chrome://remote/content/marionette/sync.sys.mjs:205:10
interaction.flushEventLoop@chrome://remote/content/marionette/interaction.sys.mjs:431:10
webdriverClickElement@chrome://remote/content/marionette/interaction.sys.mjs:180:31
JavaScript warning: https://presentation.egyptpost.local/tsws/10.0/api/assets/combined/js-lib, line 23801: unreachable code after return statement
JavaScript warning: https://presentation.egyptpost.local/tsws/10.0/api/assets/combined/js-plugin, line 26346: unreachable code after return statement
1691484177298	Marionette	WARN	TimedPromise timed out after 500 ms: stacktrace:
TimedPromise/<@chrome://remote/content/marionette/sync.sys.mjs:221:24
TimedPromise@chrome://remote/content/marionette/sync.sys.mjs:205:10
interaction.flushEventLoop@chrome://remote/content/marionette/interaction.sys.mjs:431:10
webdriverClickElement@chrome://remote/content/marionette/interaction.sys.mjs:180:31
1691484178054	Marionette	WARN	TimedPromise timed out after 500 ms: stacktrace:
TimedPromise/<@chrome://remote/content/marionette/sync.sys.mjs:221:24
TimedPromise@chrome://remote/content/marionette/sync.sys.mjs:205:10
interaction.flushEventLoop@chrome://remote/content/marionette/interaction.sys.mjs:431:10
webdriverClickElement@chrome://remote/content/marionette/interaction.sys.mjs:180:31
JavaScript warning: https://presentation.egyptpost.local/tsws/10.0/api/assets/combined/js-lib, line 23801: unreachable code after return statement
JavaScript warning: https://presentation.egyptpost.local/tsws/10.0/api/assets/combined/js-plugin, line 26346: unreachable code after return statement
1691484186095	Marionette	WARN	TimedPromise timed out after 500 ms: stacktrace:
TimedPromise/<@chrome://remote/content/marionette/sync.sys.mjs:221:24
TimedPromise@chrome://remote/content/marionette/sync.sys.mjs:205:10
interaction.flushEventLoop@chrome://remote/content/marionette/interaction.sys.mjs:431:10
webdriverClickElement@chrome://remote/content/marionette/interaction.sys.mjs:180:31
1691484186833	Marionette	WARN	TimedPromise timed out after 500 ms: stacktrace:
TimedPromise/<@chrome://remote/content/marionette/sync.sys.mjs:221:24
TimedPromise@chrome://remote/content/marionette/sync.sys.mjs:205:10
interaction.flushEventLoop@chrome://remote/content/marionette/interaction.sys.mjs:431:10
webdriverClickElement@chrome://remote/content/marionette/interaction.sys.mjs:180:31
JavaScript warning: https://presentation.egyptpost.local/tsws/10.0/api/assets/combined/js-lib, line 23801: unreachable code after return statement
JavaScript warning: https://presentation.egyptpost.local/tsws/10.0/api/assets/combined/js-plugin, line 26346: unreachable code after return statement
1691484194822	Marionette	WARN	TimedPromise timed out after 500 ms: stacktrace:
TimedPromise/<@chrome://remote/content/marionette/sync.sys.mjs:221:24
TimedPromise@chrome://remote/content/marionette/sync.sys.mjs:205:10
interaction.flushEventLoop@chrome://remote/content/marionette/interaction.sys.mjs:431:10
webdriverClickElement@chrome://remote/content/marionette/interaction.sys.mjs:180:31
1691484195592	Marionette	WARN	TimedPromise timed out after 500 ms: stacktrace:
TimedPromise/<@chrome://remote/content/marionette/sync.sys.mjs:221:24
TimedPromise@chrome://remote/content/marionette/sync.sys.mjs:205:10
interaction.flushEventLoop@chrome://remote/content/marionette/interaction.sys.mjs:431:10
webdriverClickElement@chrome://remote/content/marionette/interaction.sys.mjs:180:31
JavaScript warning: https://presentation.egyptpost.local/tsws/10.0/api/assets/combined/js-lib, line 23801: unreachable code after return statement
JavaScript warning: https://presentation.egyptpost.local/tsws/10.0/api/assets/combined/js-plugin, line 26346: unreachable code after return statement
1691484204127	Marionette	WARN	TimedPromise timed out after 500 ms: stacktrace:
TimedPromise/<@chrome://remote/content/marionette/sync.sys.mjs:221:24
TimedPromise@chrome://remote/content/marionette/sync.sys.mjs:205:10
interaction.flushEventLoop@chrome://remote/content/marionette/interaction.sys.mjs:431:10
webdriverClickElement@chrome://remote/content/marionette/interaction.sys.mjs:180:31
1691484204913	Marionette	WARN	TimedPromise timed out after 500 ms: stacktrace:
TimedPromise/<@chrome://remote/content/marionette/sync.sys.mjs:221:24
TimedPromise@chrome://remote/content/marionette/sync.sys.mjs:205:10
interaction.flushEventLoop@chrome://remote/content/marionette/interaction.sys.mjs:431:10
webdriverClickElement@chrome://remote/content/marionette/interaction.sys.mjs:180:31
JavaScript warning: https://presentation.egyptpost.local/tsws/10.0/api/assets/combined/js-lib, line 23801: unreachable code after return statement
JavaScript warning: https://presentation.egyptpost.local/tsws/10.0/api/assets/combined/js-plugin, line 26346: unreachable code after return statement
1691484214328	Marionette	WARN	TimedPromise timed out after 500 ms: stacktrace:
TimedPromise/<@chrome://remote/content/marionette/sync.sys.mjs:221:24
TimedPromise@chrome://remote/content/marionette/sync.sys.mjs:205:10
interaction.flushEventLoop@chrome://remote/content/marionette/interaction.sys.mjs:431:10
webdriverClickElement@chrome://remote/content/marionette/interaction.sys.mjs:180:31
1691484215083	Marionette	WARN	TimedPromise timed out after 500 ms: stacktrace:
TimedPromise/<@chrome://remote/content/marionette/sync.sys.mjs:221:24
TimedPromise@chrome://remote/content/marionette/sync.sys.mjs:205:10
interaction.flushEventLoop@chrome://remote/content/marionette/interaction.sys.mjs:431:10
webdriverClickElement@chrome://remote/content/marionette/interaction.sys.mjs:180:31
JavaScript warning: https://presentation.egyptpost.local/tsws/10.0/api/assets/combined/js-lib, line 23801: unreachable code after return statement
JavaScript warning: https://presentation.egyptpost.local/tsws/10.0/api/assets/combined/js-plugin, line 26346: unreachable code after return statement
1691484222849	Marionette	WARN	TimedPromise timed out after 500 ms: stacktrace:
TimedPromise/<@chrome://remote/content/marionette/sync.sys.mjs:221:24
TimedPromise@chrome://remote/content/marionette/sync.sys.mjs:205:10
interaction.flushEventLoop@chrome://remote/content/marionette/interaction.sys.mjs:431:10
webdriverClickElement@chrome://remote/content/marionette/interaction.sys.mjs:180:31
1691484223609	Marionette	WARN	TimedPromise timed out after 500 ms: stacktrace:
TimedPromise/<@chrome://remote/content/marionette/sync.sys.mjs:221:24
TimedPromise@chrome://remote/content/marionette/sync.sys.mjs:205:10
interaction.flushEventLoop@chrome://remote/content/marionette/interaction.sys.mjs:431:10
webdriverClickElement@chrome://remote/content/marionette/interaction.sys.mjs:180:31
JavaScript warning: https://presentation.egyptpost.local/tsws/10.0/api/assets/combined/js-lib, line 23801: unreachable code after return statement
JavaScript warning: https://presentation.egyptpost.local/tsws/10.0/api/assets/combined/js-plugin, line 26346: unreachable code after return statement
1691484235508	Marionette	WARN	TimedPromise timed out after 500 ms: stacktrace:
TimedPromise/<@chrome://remote/content/marionette/sync.sys.mjs:221:24
TimedPromise@chrome://remote/content/marionette/sync.sys.mjs:205:10
interaction.flushEventLoop@chrome://remote/content/marionette/interaction.sys.mjs:431:10
webdriverClickElement@chrome://remote/content/marionette/interaction.sys.mjs:180:31
1691484236258	Marionette	WARN	TimedPromise timed out after 500 ms: stacktrace:
TimedPromise/<@chrome://remote/content/marionette/sync.sys.mjs:221:24
TimedPromise@chrome://remote/content/marionette/sync.sys.mjs:205:10
interaction.flushEventLoop@chrome://remote/content/marionette/interaction.sys.mjs:431:10
webdriverClickElement@chrome://remote/content/marionette/interaction.sys.mjs:180:31
JavaScript warning: https://presentation.egyptpost.local/tsws/10.0/api/assets/combined/js-lib, line 23801: unreachable code after return statement
JavaScript warning: https://presentation.egyptpost.local/tsws/10.0/api/assets/combined/js-plugin, line 26346: unreachable code after return statement
1691484248283	Marionette	WARN	TimedPromise timed out after 500 ms: stacktrace:
TimedPromise/<@chrome://remote/content/marionette/sync.sys.mjs:221:24
TimedPromise@chrome://remote/content/marionette/sync.sys.mjs:205:10
interaction.flushEventLoop@chrome://remote/content/marionette/interaction.sys.mjs:431:10
webdriverClickElement@chrome://remote/content/marionette/interaction.sys.mjs:180:31
1691484249011	Marionette	WARN	TimedPromise timed out after 500 ms: stacktrace:
TimedPromise/<@chrome://remote/content/marionette/sync.sys.mjs:221:24
TimedPromise@chrome://remote/content/marionette/sync.sys.mjs:205:10
interaction.flushEventLoop@chrome://remote/content/marionette/interaction.sys.mjs:431:10
webdriverClickElement@chrome://remote/content/marionette/interaction.sys.mjs:180:31
JavaScript warning: https://presentation.egyptpost.local/tsws/10.0/api/assets/combined/js-lib, line 23801: unreachable code after return statement
JavaScript warning: https://presentation.egyptpost.local/tsws/10.0/api/assets/combined/js-plugin, line 26346: unreachable code after return statement
1691484261163	Marionette	WARN	TimedPromise timed out after 500 ms: stacktrace:
TimedPromise/<@chrome://remote/content/marionette/sync.sys.mjs:221:24
TimedPromise@chrome://remote/content/marionette/sync.sys.mjs:205:10
interaction.flushEventLoop@chrome://remote/content/marionette/interaction.sys.mjs:431:10
webdriverClickElement@chrome://remote/content/marionette/interaction.sys.mjs:180:31
1691484261923	Marionette	WARN	TimedPromise timed out after 500 ms: stacktrace:
TimedPromise/<@chrome://remote/content/marionette/sync.sys.mjs:221:24
TimedPromise@chrome://remote/content/marionette/sync.sys.mjs:205:10
interaction.flushEventLoop@chrome://remote/content/marionette/interaction.sys.mjs:431:10
webdriverClickElement@chrome://remote/content/marionette/interaction.sys.mjs:180:31
JavaScript warning: https://presentation.egyptpost.local/tsws/10.0/api/assets/combined/js-lib, line 23801: unreachable code after return statement
JavaScript warning: https://presentation.egyptpost.local/tsws/10.0/api/assets/combined/js-plugin, line 26346: unreachable code after return statement
1691484273590	Marionette	WARN	TimedPromise timed out after 500 ms: stacktrace:
TimedPromise/<@chrome://remote/content/marionette/sync.sys.mjs:221:24
TimedPromise@chrome://remote/content/marionette/sync.sys.mjs:205:10
interaction.flushEventLoop@chrome://remote/content/marionette/interaction.sys.mjs:431:10
webdriverClickElement@chrome://remote/content/marionette/interaction.sys.mjs:180:31
1691484274357	Marionette	WARN	TimedPromise timed out after 500 ms: stacktrace:
TimedPromise/<@chrome://remote/content/marionette/sync.sys.mjs:221:24
TimedPromise@chrome://remote/content/marionette/sync.sys.mjs:205:10
interaction.flushEventLoop@chrome://remote/content/marionette/interaction.sys.mjs:431:10
webdriverClickElement@chrome://remote/content/marionette/interaction.sys.mjs:180:31
JavaScript warning: https://presentation.egyptpost.local/tsws/10.0/api/assets/combined/js-lib, line 23801: unreachable code after return statement
JavaScript warning: https://presentation.egyptpost.local/tsws/10.0/api/assets/combined/js-plugin, line 26346: unreachable code after return statement
1691484286305	Marionette	WARN	TimedPromise timed out after 500 ms: stacktrace:
TimedPromise/<@chrome://remote/content/marionette/sync.sys.mjs:221:24
TimedPromise@chrome://remote/content/marionette/sync.sys.mjs:205:10
interaction.flushEventLoop@chrome://remote/content/marionette/interaction.sys.mjs:431:10
webdriverClickElement@chrome://remote/content/marionette/interaction.sys.mjs:180:31
1691484287051	Marionette	WARN	TimedPromise timed out after 500 ms: stacktrace:
TimedPromise/<@chrome://remote/content/marionette/sync.sys.mjs:221:24
TimedPromise@chrome://remote/content/marionette/sync.sys.mjs:205:10
interaction.flushEventLoop@chrome://remote/content/marionette/interaction.sys.mjs:431:10
webdriverClickElement@chrome://remote/content/marionette/interaction.sys.mjs:180:31
JavaScript warning: https://presentation.egyptpost.local/tsws/10.0/api/assets/combined/js-lib, line 23801: unreachable code after return statement
JavaScript warning: https://presentation.egyptpost.local/tsws/10.0/api/assets/combined/js-plugin, line 26346: unreachable code after return statement
1691484301046	Marionette	WARN	TimedPromise timed out after 500 ms: stacktrace:
TimedPromise/<@chrome://remote/content/marionette/sync.sys.mjs:221:24
TimedPromise@chrome://remote/content/marionette/sync.sys.mjs:205:10
interaction.flushEventLoop@chrome://remote/content/marionette/interaction.sys.mjs:431:10
webdriverClickElement@chrome://remote/content/marionette/interaction.sys.mjs:180:31
1691484301791	Marionette	WARN	TimedPromise timed out after 500 ms: stacktrace:
TimedPromise/<@chrome://remote/content/marionette/sync.sys.mjs:221:24
TimedPromise@chrome://remote/content/marionette/sync.sys.mjs:205:10
interaction.flushEventLoop@chrome://remote/content/marionette/interaction.sys.mjs:431:10
webdriverClickElement@chrome://remote/content/marionette/interaction.sys.mjs:180:31
JavaScript warning: https://presentation.egyptpost.local/tsws/10.0/api/assets/combined/js-lib, line 23801: unreachable code after return statement
JavaScript warning: https://presentation.egyptpost.local/tsws/10.0/api/assets/combined/js-plugin, line 26346: unreachable code after return statement
1691484312856	Marionette	WARN	TimedPromise timed out after 500 ms: stacktrace:
TimedPromise/<@chrome://remote/content/marionette/sync.sys.mjs:221:24
TimedPromise@chrome://remote/content/marionette/sync.sys.mjs:205:10
interaction.flushEventLoop@chrome://remote/content/marionette/interaction.sys.mjs:431:10
webdriverClickElement@chrome://remote/content/marionette/interaction.sys.mjs:180:31
1691484313615	Marionette	WARN	TimedPromise timed out after 500 ms: stacktrace:
TimedPromise/<@chrome://remote/content/marionette/sync.sys.mjs:221:24
TimedPromise@chrome://remote/content/marionette/sync.sys.mjs:205:10
interaction.flushEventLoop@chrome://remote/content/marionette/interaction.sys.mjs:431:10
webdriverClickElement@chrome://remote/content/marionette/interaction.sys.mjs:180:31
JavaScript warning: https://presentation.egyptpost.local/tsws/10.0/api/assets/combined/js-lib, line 23801: unreachable code after return statement
JavaScript warning: https://presentation.egyptpost.local/tsws/10.0/api/assets/combined/js-plugin, line 26346: unreachable code after return statement
1691484324593	Marionette	WARN	TimedPromise timed out after 500 ms: stacktrace:
TimedPromise/<@chrome://remote/content/marionette/sync.sys.mjs:221:24
TimedPromise@chrome://remote/content/marionette/sync.sys.mjs:205:10
interaction.flushEventLoop@chrome://remote/content/marionette/interaction.sys.mjs:431:10
webdriverClickElement@chrome://remote/content/marionette/interaction.sys.mjs:180:31
1691484325332	Marionette	WARN	TimedPromise timed out after 500 ms: stacktrace:
TimedPromise/<@chrome://remote/content/marionette/sync.sys.mjs:221:24
TimedPromise@chrome://remote/content/marionette/sync.sys.mjs:205:10
interaction.flushEventLoop@chrome://remote/content/marionette/interaction.sys.mjs:431:10
webdriverClickElement@chrome://remote/content/marionette/interaction.sys.mjs:180:31
JavaScript warning: https://presentation.egyptpost.local/tsws/10.0/api/assets/combined/js-lib, line 23801: unreachable code after return statement
JavaScript warning: https://presentation.egyptpost.local/tsws/10.0/api/assets/combined/js-plugin, line 26346: unreachable code after return statement
1691484339477	Marionette	WARN	TimedPromise timed out after 500 ms: stacktrace:
TimedPromise/<@chrome://remote/content/marionette/sync.sys.mjs:221:24
TimedPromise@chrome://remote/content/marionette/sync.sys.mjs:205:10
interaction.flushEventLoop@chrome://remote/content/marionette/interaction.sys.mjs:431:10
webdriverClickElement@chrome://remote/content/marionette/interaction.sys.mjs:180:31
1691484340263	Marionette	WARN	TimedPromise timed out after 500 ms: stacktrace:
TimedPromise/<@chrome://remote/content/marionette/sync.sys.mjs:221:24
TimedPromise@chrome://remote/content/marionette/sync.sys.mjs:205:10
interaction.flushEventLoop@chrome://remote/content/marionette/interaction.sys.mjs:431:10
webdriverClickElement@chrome://remote/content/marionette/interaction.sys.mjs:180:31
JavaScript warning: https://presentation.egyptpost.local/tsws/10.0/api/assets/combined/js-lib, line 23801: unreachable code after return statement
JavaScript warning: https://presentation.egyptpost.local/tsws/10.0/api/assets/combined/js-plugin, line 26346: unreachable code after return statement
1691484351755	Marionette	WARN	TimedPromise timed out after 500 ms: stacktrace:
TimedPromise/<@chrome://remote/content/marionette/sync.sys.mjs:221:24
TimedPromise@chrome://remote/content/marionette/sync.sys.mjs:205:10
interaction.flushEventLoop@chrome://remote/content/marionette/interaction.sys.mjs:431:10
webdriverClickElement@chrome://remote/content/marionette/interaction.sys.mjs:180:31
1691484352519	Marionette	WARN	TimedPromise timed out after 500 ms: stacktrace:
TimedPromise/<@chrome://remote/content/marionette/sync.sys.mjs:221:24
TimedPromise@chrome://remote/content/marionette/sync.sys.mjs:205:10
interaction.flushEventLoop@chrome://remote/content/marionette/interaction.sys.mjs:431:10
webdriverClickElement@chrome://remote/content/marionette/interaction.sys.mjs:180:31
JavaScript warning: https://presentation.egyptpost.local/tsws/10.0/api/assets/combined/js-lib, line 23801: unreachable code after return statement
JavaScript warning: https://presentation.egyptpost.local/tsws/10.0/api/assets/combined/js-plugin, line 26346: unreachable code after return statement
1691484363664	Marionette	WARN	TimedPromise timed out after 500 ms: stacktrace:
TimedPromise/<@chrome://remote/content/marionette/sync.sys.mjs:221:24
TimedPromise@chrome://remote/content/marionette/sync.sys.mjs:205:10
interaction.flushEventLoop@chrome://remote/content/marionette/interaction.sys.mjs:431:10
webdriverClickElement@chrome://remote/content/marionette/interaction.sys.mjs:180:31
1691484364518	Marionette	WARN	TimedPromise timed out after 500 ms: stacktrace:
TimedPromise/<@chrome://remote/content/marionette/sync.sys.mjs:221:24
TimedPromise@chrome://remote/content/marionette/sync.sys.mjs:205:10
interaction.flushEventLoop@chrome://remote/content/marionette/interaction.sys.mjs:431:10
webdriverClickElement@chrome://remote/content/marionette/interaction.sys.mjs:180:31
JavaScript warning: https://presentation.egyptpost.local/tsws/10.0/api/assets/combined/js-lib, line 23801: unreachable code after return statement
JavaScript warning: https://presentation.egyptpost.local/tsws/10.0/api/assets/combined/js-plugin, line 26346: unreachable code after return statement
1691484378308	Marionette	WARN	TimedPromise timed out after 500 ms: stacktrace:
TimedPromise/<@chrome://remote/content/marionette/sync.sys.mjs:221:24
TimedPromise@chrome://remote/content/marionette/sync.sys.mjs:205:10
interaction.flushEventLoop@chrome://remote/content/marionette/interaction.sys.mjs:431:10
webdriverClickElement@chrome://remote/content/marionette/interaction.sys.mjs:180:31
1691484379053	Marionette	WARN	TimedPromise timed out after 500 ms: stacktrace:
TimedPromise/<@chrome://remote/content/marionette/sync.sys.mjs:221:24
TimedPromise@chrome://remote/content/marionette/sync.sys.mjs:205:10
interaction.flushEventLoop@chrome://remote/content/marionette/interaction.sys.mjs:431:10
webdriverClickElement@chrome://remote/content/marionette/interaction.sys.mjs:180:31
JavaScript warning: https://presentation.egyptpost.local/tsws/10.0/api/assets/combined/js-lib, line 23801: unreachable code after return statement
JavaScript warning: https://presentation.egyptpost.local/tsws/10.0/api/assets/combined/js-plugin, line 26346: unreachable code after return statement
1691484383329	Marionette	INFO	Stopped listening on port 36033
1691486060495	geckodriver	INFO	Listening on 127.0.0.1:45073
1691486060689	mozrunner::runner	INFO	Running command: "/snap/firefox/current/firefox.launcher" "--marionette" "--remote-debugging-port" "54451" "--remote-allow-hosts" "localhost" "-no-remote" "-profile" "/tmp/rust_mozprofileF3caD4"
Gtk-Message: 12:14:20.803: Failed to load module "pk-gtk-module"
Gtk-Message: 12:14:20.825: Failed to load module "pk-gtk-module"
console.warn: services.settings: Ignoring preference override of remote settings server
console.warn: services.settings: Allow by setting MOZ_REMOTE_SETTINGS_DEVTOOLS=1 in the environment
ATTENTION: default value of option mesa_glthread overridden by environment.
1691486061512	Marionette	INFO	Marionette enabled
ATTENTION: default value of option mesa_glthread overridden by environment.
1691486061613	Marionette	INFO	Listening on port 45751
WebDriver BiDi listening on ws://127.0.0.1:54451
Read port: 45751
1691486061940	RemoteAgent	WARN	TLS certificate errors will be ignored for this session
console.error: ({})
DevTools listening on ws://127.0.0.1:54451/devtools/browser/e4e700af-dbae-42a5-8931-0a5a051f594b
console.warn: LoginRecipes: "Falling back to a synchronous message for: https://presentation.egyptpost.local."
console.error: (new TypeError("linkMap is undefined", "resource://gre/modules/NewTabUtils.sys.mjs", 2003))
console.warn: LoginRecipes: "Falling back to a synchronous message for: http://presentation.egyptpost.local:448."
console.warn: LoginRecipes: "Falling back to a synchronous message for: http://presentation.egyptpost.local:448."
console.error: Region.sys.mjs: "Error fetching region" (new Error("TIMEOUT", "resource://gre/modules/Region.sys.mjs", 759))
console.error: Region.sys.mjs: "Failed to fetch region" (new Error("TIMEOUT", "resource://gre/modules/Region.sys.mjs", 411))
JavaScript warning: https://presentation.egyptpost.local/tsws/10.0/api/assets/combined/js-lib, line 23801: unreachable code after return statement
JavaScript warning: https://presentation.egyptpost.local/tsws/10.0/api/assets/combined/js-plugin, line 26346: unreachable code after return statement
1691486079852	Marionette	WARN	TimedPromise timed out after 500 ms: stacktrace:
TimedPromise/<@chrome://remote/content/marionette/sync.sys.mjs:221:24
TimedPromise@chrome://remote/content/marionette/sync.sys.mjs:205:10
interaction.flushEventLoop@chrome://remote/content/marionette/interaction.sys.mjs:431:10
webdriverClickElement@chrome://remote/content/marionette/interaction.sys.mjs:180:31
1691486080588	Marionette	WARN	TimedPromise timed out after 500 ms: stacktrace:
TimedPromise/<@chrome://remote/content/marionette/sync.sys.mjs:221:24
TimedPromise@chrome://remote/content/marionette/sync.sys.mjs:205:10
interaction.flushEventLoop@chrome://remote/content/marionette/interaction.sys.mjs:431:10
webdriverClickElement@chrome://remote/content/marionette/interaction.sys.mjs:180:31
JavaScript warning: https://presentation.egyptpost.local/tsws/10.0/api/assets/combined/js-lib, line 23801: unreachable code after return statement
JavaScript warning: https://presentation.egyptpost.local/tsws/10.0/api/assets/combined/js-plugin, line 26346: unreachable code after return statement
console.error: "update.locale" " file doesn't exist in either the application or GRE directories"
console.error: Region.sys.mjs: "Error fetching region" (new Error("TIMEOUT", "resource://gre/modules/Region.sys.mjs", 759))
console.error: Region.sys.mjs: "Failed to fetch region" (new Error("TIMEOUT", "resource://gre/modules/Region.sys.mjs", 411))
Marionette threw an error: TypeError: browsingContext.currentWindowGlobal is null
getMarionetteCommandsActorProxy/get/<@chrome://remote/content/marionette/actors/MarionetteCommandsParent.sys.mjs:311:17
observe@resource://gre/modules/AsyncShutdown.sys.mjs:575:17

console.error: "Marionette threw an error: TypeError: browsingContext.currentWindowGlobal is null\ngetMarionetteCommandsActorProxy/get/<@chrome://remote/content/marionette/actors/MarionetteCommandsParent.sys.mjs:311:17\nobserve@resource://gre/modules/AsyncShutdown.sys.mjs:575:17\n"
1691486103577	Marionette	INFO	Stopped listening on port 45751
Exiting due to channel error.
Exiting due to channel error.
Exiting due to channel error.
1691486109353	geckodriver	INFO	Listening on 127.0.0.1:53039
1691486109680	mozrunner::runner	INFO	Running command: "/snap/firefox/current/firefox.launcher" "--marionette" "--remote-debugging-port" "39859" "--remote-allow-hosts" "localhost" "-no-remote" "-profile" "/tmp/rust_mozprofile1aJez1"
Gtk-Message: 12:15:09.775: Failed to load module "pk-gtk-module"
Gtk-Message: 12:15:09.784: Failed to load module "pk-gtk-module"
console.warn: services.settings: Ignoring preference override of remote settings server
console.warn: services.settings: Allow by setting MOZ_REMOTE_SETTINGS_DEVTOOLS=1 in the environment
ATTENTION: default value of option mesa_glthread overridden by environment.
1691486110565	Marionette	INFO	Marionette enabled
ATTENTION: default value of option mesa_glthread overridden by environment.
1691486110713	Marionette	INFO	Listening on port 34655
WebDriver BiDi listening on ws://127.0.0.1:39859
Read port: 34655
1691486111095	RemoteAgent	WARN	TLS certificate errors will be ignored for this session
console.error: ({})
DevTools listening on ws://127.0.0.1:39859/devtools/browser/73e8830d-ef98-4c45-a872-bb850963fba5
console.error: (new TypeError("linkMap is undefined", "resource://gre/modules/NewTabUtils.sys.mjs", 2003))
console.warn: LoginRecipes: "Falling back to a synchronous message for: https://presentation.egyptpost.local."
console.warn: LoginRecipes: "Falling back to a synchronous message for: http://presentation.egyptpost.local:448."
console.warn: LoginRecipes: "Falling back to a synchronous message for: http://presentation.egyptpost.local:448."
console.error: Region.sys.mjs: "Error fetching region" (new Error("TIMEOUT", "resource://gre/modules/Region.sys.mjs", 759))
console.error: Region.sys.mjs: "Failed to fetch region" (new Error("TIMEOUT", "resource://gre/modules/Region.sys.mjs", 411))
JavaScript warning: https://presentation.egyptpost.local/tsws/10.0/api/assets/combined/js-lib, line 23801: unreachable code after return statement
JavaScript warning: https://presentation.egyptpost.local/tsws/10.0/api/assets/combined/js-plugin, line 26346: unreachable code after return statement
1691486129051	Marionette	WARN	TimedPromise timed out after 500 ms: stacktrace:
TimedPromise/<@chrome://remote/content/marionette/sync.sys.mjs:221:24
TimedPromise@chrome://remote/content/marionette/sync.sys.mjs:205:10
interaction.flushEventLoop@chrome://remote/content/marionette/interaction.sys.mjs:431:10
webdriverClickElement@chrome://remote/content/marionette/interaction.sys.mjs:180:31
1691486129772	Marionette	WARN	TimedPromise timed out after 500 ms: stacktrace:
TimedPromise/<@chrome://remote/content/marionette/sync.sys.mjs:221:24
TimedPromise@chrome://remote/content/marionette/sync.sys.mjs:205:10
interaction.flushEventLoop@chrome://remote/content/marionette/interaction.sys.mjs:431:10
webdriverClickElement@chrome://remote/content/marionette/interaction.sys.mjs:180:31
JavaScript warning: https://presentation.egyptpost.local/tsws/10.0/api/assets/combined/js-lib, line 23801: unreachable code after return statement
JavaScript warning: https://presentation.egyptpost.local/tsws/10.0/api/assets/combined/js-plugin, line 26346: unreachable code after return statement
1691486138710	Marionette	WARN	TimedPromise timed out after 500 ms: stacktrace:
TimedPromise/<@chrome://remote/content/marionette/sync.sys.mjs:221:24
TimedPromise@chrome://remote/content/marionette/sync.sys.mjs:205:10
interaction.flushEventLoop@chrome://remote/content/marionette/interaction.sys.mjs:431:10
webdriverClickElement@chrome://remote/content/marionette/interaction.sys.mjs:180:31
1691486139501	Marionette	WARN	TimedPromise timed out after 500 ms: stacktrace:
TimedPromise/<@chrome://remote/content/marionette/sync.sys.mjs:221:24
TimedPromise@chrome://remote/content/marionette/sync.sys.mjs:205:10
interaction.flushEventLoop@chrome://remote/content/marionette/interaction.sys.mjs:431:10
webdriverClickElement@chrome://remote/content/marionette/interaction.sys.mjs:180:31
console.error: "update.locale" " file doesn't exist in either the application or GRE directories"
JavaScript warning: https://presentation.egyptpost.local/tsws/10.0/api/assets/combined/js-lib, line 23801: unreachable code after return statement
JavaScript warning: https://presentation.egyptpost.local/tsws/10.0/api/assets/combined/js-plugin, line 26346: unreachable code after return statement
console.error: Region.sys.mjs: "Error fetching region" (new Error("TIMEOUT", "resource://gre/modules/Region.sys.mjs", 759))
console.error: Region.sys.mjs: "Failed to fetch region" (new Error("TIMEOUT", "resource://gre/modules/Region.sys.mjs", 411))
Exiting due to channel error.
Exiting due to channel error.
Exiting due to channel error.
Exiting due to channel error.
Exiting due to channel error.
1691487607867	geckodriver	INFO	Listening on 127.0.0.1:47729
1691487608234	mozrunner::runner	INFO	Running command: "/snap/firefox/current/firefox.launcher" "--marionette" "--remote-debugging-port" "48161" "--remote-allow-hosts" "localhost" "-no-remote" "-profile" "/tmp/rust_mozprofileMpfpit"
Gtk-Message: 12:40:08.383: Failed to load module "pk-gtk-module"
Gtk-Message: 12:40:08.388: Failed to load module "pk-gtk-module"
console.warn: services.settings: Ignoring preference override of remote settings server
console.warn: services.settings: Allow by setting MOZ_REMOTE_SETTINGS_DEVTOOLS=1 in the environment
ATTENTION: default value of option mesa_glthread overridden by environment.
1691487608956	Marionette	INFO	Marionette enabled
ATTENTION: default value of option mesa_glthread overridden by environment.
1691487609035	Marionette	INFO	Listening on port 41291
Read port: 41291
WebDriver BiDi listening on ws://127.0.0.1:48161
1691487609109	RemoteAgent	WARN	TLS certificate errors will be ignored for this session
console.error: ({})
DevTools listening on ws://127.0.0.1:48161/devtools/browser/24cb180a-7f04-4440-bf2f-d0d17f3cbbc8
console.error: (new TypeError("linkMap is undefined", "resource://gre/modules/NewTabUtils.sys.mjs", 2003))
console.warn: LoginRecipes: "Falling back to a synchronous message for: https://presentation.egyptpost.local."
console.warn: LoginRecipes: "Falling back to a synchronous message for: http://presentation.egyptpost.local:448."
console.warn: LoginRecipes: "Falling back to a synchronous message for: http://presentation.egyptpost.local:448."
console.error: Region.sys.mjs: "Error fetching region" (new Error("TIMEOUT", "resource://gre/modules/Region.sys.mjs", 759))
console.error: Region.sys.mjs: "Failed to fetch region" (new Error("TIMEOUT", "resource://gre/modules/Region.sys.mjs", 411))
JavaScript warning: https://presentation.egyptpost.local/tsws/10.0/api/assets/combined/js-lib, line 23801: unreachable code after return statement
JavaScript warning: https://presentation.egyptpost.local/tsws/10.0/api/assets/combined/js-plugin, line 26346: unreachable code after return statement
1691487627630	Marionette	WARN	TimedPromise timed out after 500 ms: stacktrace:
TimedPromise/<@chrome://remote/content/marionette/sync.sys.mjs:221:24
TimedPromise@chrome://remote/content/marionette/sync.sys.mjs:205:10
interaction.flushEventLoop@chrome://remote/content/marionette/interaction.sys.mjs:431:10
webdriverClickElement@chrome://remote/content/marionette/interaction.sys.mjs:180:31
1691487628395	Marionette	WARN	TimedPromise timed out after 500 ms: stacktrace:
TimedPromise/<@chrome://remote/content/marionette/sync.sys.mjs:221:24
TimedPromise@chrome://remote/content/marionette/sync.sys.mjs:205:10
interaction.flushEventLoop@chrome://remote/content/marionette/interaction.sys.mjs:431:10
webdriverClickElement@chrome://remote/content/marionette/interaction.sys.mjs:180:31
JavaScript warning: https://presentation.egyptpost.local/tsws/10.0/api/assets/combined/js-lib, line 23801: unreachable code after return statement
JavaScript warning: https://presentation.egyptpost.local/tsws/10.0/api/assets/combined/js-plugin, line 26346: unreachable code after return statement
1691487632855	Marionette	INFO	Stopped listening on port 41291
Exiting due to channel error.
Exiting due to channel error.
Exiting due to channel error.
Exiting due to channel error.
1691490590298	geckodriver	INFO	Listening on 127.0.0.1:50811
1691490590943	mozrunner::runner	INFO	Running command: "/snap/firefox/current/firefox.launcher" "--marionette" "--remote-debugging-port" "38187" "--remote-allow-hosts" "localhost" "-no-remote" "-profile" "/tmp/rust_mozprofileWQxE1z"
Gtk-Message: 13:29:51.082: Failed to load module "pk-gtk-module"
Gtk-Message: 13:29:51.093: Failed to load module "pk-gtk-module"
console.warn: services.settings: Ignoring preference override of remote settings server
console.warn: services.settings: Allow by setting MOZ_REMOTE_SETTINGS_DEVTOOLS=1 in the environment
ATTENTION: default value of option mesa_glthread overridden by environment.
1691490593283	Marionette	INFO	Marionette enabled
ATTENTION: default value of option mesa_glthread overridden by environment.
1691490593448	Marionette	INFO	Listening on port 36449
WebDriver BiDi listening on ws://127.0.0.1:38187
Read port: 36449
1691490594020	RemoteAgent	WARN	TLS certificate errors will be ignored for this session
console.error: ({})
DevTools listening on ws://127.0.0.1:38187/devtools/browser/d37977e4-d788-46f5-8bcf-4cd22c27db13
1691490596498	Marionette	WARN	Ignoring event 'pageshow' because document has an invalid readyState of 'uninitialized'.
console.error: (new TypeError("linkMap is undefined", "resource://gre/modules/NewTabUtils.sys.mjs", 2003))
1691490597958	Marionette	INFO	Stopped listening on port 36449
Exiting due to channel error.
Exiting due to channel error.
Exiting due to channel error.
Exiting due to channel error.
Exiting due to channel error.
Exiting due to channel error.
1691490606116	geckodriver	INFO	Listening on 127.0.0.1:35729
1691490606601	mozrunner::runner	INFO	Running command: "/snap/firefox/current/firefox.launcher" "--marionette" "--remote-debugging-port" "45133" "--remote-allow-hosts" "localhost" "-no-remote" "-profile" "/tmp/rust_mozprofileBoy8Xu"
Gtk-Message: 13:30:06.759: Failed to load module "pk-gtk-module"
Gtk-Message: 13:30:06.768: Failed to load module "pk-gtk-module"
console.warn: services.settings: Ignoring preference override of remote settings server
console.warn: services.settings: Allow by setting MOZ_REMOTE_SETTINGS_DEVTOOLS=1 in the environment
ATTENTION: default value of option mesa_glthread overridden by environment.
1691490607433	Marionette	INFO	Marionette enabled
1691491157142	geckodriver	INFO	Listening on 127.0.0.1:51935
1691491157477	mozrunner::runner	INFO	Running command: "/snap/firefox/current/firefox.launcher" "--marionette" "--remote-debugging-port" "33355" "--remote-allow-hosts" "localhost" "-no-remote" "-profile" "/tmp/rust_mozprofileZTV7fm"
Gtk-Message: 13:39:17.595: Failed to load module "pk-gtk-module"
Gtk-Message: 13:39:17.601: Failed to load module "pk-gtk-module"
console.warn: services.settings: Ignoring preference override of remote settings server
console.warn: services.settings: Allow by setting MOZ_REMOTE_SETTINGS_DEVTOOLS=1 in the environment
ATTENTION: default value of option mesa_glthread overridden by environment.
1691491158215	Marionette	INFO	Marionette enabled
ATTENTION: default value of option mesa_glthread overridden by environment.
1691491158295	Marionette	INFO	Listening on port 35333
WebDriver BiDi listening on ws://127.0.0.1:33355
Read port: 35333
1691491158560	RemoteAgent	WARN	TLS certificate errors will be ignored for this session
console.error: ({})
DevTools listening on ws://127.0.0.1:33355/devtools/browser/9789f787-9b9a-45cd-adad-6da9f3929659
console.error: Region.sys.mjs: "Error fetching region" (new Error("TIMEOUT", "resource://gre/modules/Region.sys.mjs", 759))
console.error: Region.sys.mjs: "Failed to fetch region" (new Error("TIMEOUT", "resource://gre/modules/Region.sys.mjs", 411))
console.warn: LoginRecipes: "Falling back to a synchronous message for: https://presentation.egyptpost.local."
console.error: (new TypeError("linkMap is undefined", "resource://gre/modules/NewTabUtils.sys.mjs", 2003))
console.warn: LoginRecipes: "Falling back to a synchronous message for: http://presentation.egyptpost.local:448."
console.warn: LoginRecipes: "Falling back to a synchronous message for: https://presentation.egyptpost.local."
Marionette threw an error: TypeError: browsingContext.currentWindowGlobal is null
getMarionetteCommandsActorProxy/get/<@chrome://remote/content/marionette/actors/MarionetteCommandsParent.sys.mjs:311:17
observe@resource://gre/modules/AsyncShutdown.sys.mjs:575:17

console.error: "Marionette threw an error: TypeError: browsingContext.currentWindowGlobal is null\ngetMarionetteCommandsActorProxy/get/<@chrome://remote/content/marionette/actors/MarionetteCommandsParent.sys.mjs:311:17\nobserve@resource://gre/modules/AsyncShutdown.sys.mjs:575:17\n"
1691491174283	Marionette	INFO	Stopped listening on port 35333
1691491174357	geckodriver::marionette	ERROR	Failed to close browser connection: Transport endpoint is not connected (os error 107)
[ERROR glean_core] Can't persist ping lifetime data: Error { kind: Rkv(IoError(Os { code: 2, kind: NotFound, message: "No such file or directory" })) }
1691491301666	geckodriver	INFO	Listening on 127.0.0.1:58515
1691491302086	mozrunner::runner	INFO	Running command: "/snap/firefox/current/firefox.launcher" "--marionette" "--remote-debugging-port" "57251" "--remote-allow-hosts" "localhost" "-no-remote" "-profile" "/tmp/rust_mozprofilei4yFbg"
Gtk-Message: 13:41:42.188: Failed to load module "pk-gtk-module"
Gtk-Message: 13:41:42.193: Failed to load module "pk-gtk-module"
console.warn: services.settings: Ignoring preference override of remote settings server
console.warn: services.settings: Allow by setting MOZ_REMOTE_SETTINGS_DEVTOOLS=1 in the environment
ATTENTION: default value of option mesa_glthread overridden by environment.
1691491303039	Marionette	INFO	Marionette enabled
ATTENTION: default value of option mesa_glthread overridden by environment.
1691491303267	Marionette	INFO	Listening on port 39855
Read port: 39855
WebDriver BiDi listening on ws://127.0.0.1:57251
1691491303471	RemoteAgent	WARN	TLS certificate errors will be ignored for this session
console.error: ({})
DevTools listening on ws://127.0.0.1:57251/devtools/browser/18b9ae9f-5f1a-464d-b7a9-c0834a7058bd
1691491305632	Marionette	WARN	Ignoring event 'pageshow' because document has an invalid readyState of 'uninitialized'.
console.error: (new TypeError("linkMap is undefined", "resource://gre/modules/NewTabUtils.sys.mjs", 2003))
Exiting due to channel error.
Exiting due to channel error.
Exiting due to channel error.
Exiting due to channel error.
Exiting due to channel error.
Exiting due to channel error.
1691506551662	geckodriver	INFO	Listening on 127.0.0.1:37649
1691506552332	mozrunner::runner	INFO	Running command: "/snap/firefox/current/firefox.launcher" "--marionette" "-headless" "--remote-debugging-port" "35099" "--remote-allow-hosts" "localhost" "-no-remote" "-profile" "/tmp/rust_mozprofileuWScZo"
*** You are running in headless mode.
console.warn: services.settings: Ignoring preference override of remote settings server
console.warn: services.settings: Allow by setting MOZ_REMOTE_SETTINGS_DEVTOOLS=1 in the environment
1691506553153	Marionette	INFO	Marionette enabled
1691506553305	Marionette	INFO	Listening on port 40685
WebDriver BiDi listening on ws://127.0.0.1:35099
Read port: 40685
1691506553700	RemoteAgent	WARN	TLS certificate errors will be ignored for this session
[GFX1-]: RenderCompositorSWGL failed mapping default framebuffer, no dt
console.error: ({})
Exiting due to channel error.
Exiting due to channel error.
